<?xml version="1.0" encoding="UTF-8"?>
<!-- Generated by org.testng.reporters.JUnitXMLReporter -->
<testsuite hostname="Admin-PC" ignored="0" name="PrudentialTest" tests="10" failures="0" timestamp="02 Oct 2018 15:07:11 GMT" time="265.972" errors="0">
  <testcase name="launchApplication" time="22.613" classname="com.prudential.tests.TC001_Validation"/>
  <testcase name="launchApplication" time="14.359" classname="com.prudential.tests.TC002_InvalidCity"/>
  <testcase name="launchApplication" time="22.634" classname="com.prudential.tests.TC003_ValidCity"/>
  <testcase name="launchApplication" time="21.373" classname="com.prudential.tests.TC004_CurrentLocation"/>
  <testcase name="launchApplication" time="21.63" classname="com.prudential.tests.TC005_WrongData"/>
  <testcase name="validation" time="0.426" classname="com.prudential.tests.TC001_Validation"/>
  <testcase name="searchFunctionality" time="44.08" classname="com.prudential.tests.TC002_InvalidCity"/>
  <testcase name="searchFunctionality" time="30.271" classname="com.prudential.tests.TC003_ValidCity"/>
  <testcase name="currenLocationFunctionality" time="81.566" classname="com.prudential.tests.TC004_CurrentLocation"/>
  <testcase name="wrongDataFunctionality" time="6.979" classname="com.prudential.tests.TC005_WrongData"/>
</testsuite> <!-- PrudentialTest -->
